root:x:0:root
bin:x:1:root,bin,daemon
daemon:x:2:root,bin,daemon
sys:x:3:root,bin,adm
adm:x:4:root,adm,daemon
tty:x:5:
disk:x:6:root
lp:x:7:daemon,lp
mem:x:8:
kmem:x:9:
wheel:x:10:root
mail:x:12:mail,postfix,exim
news:x:13:news
uucp:x:14:uucp
man:x:15:
games:x:20:
gopher:x:30:
dip:x:40:
ftp:x:50:
lock:x:54:
nobody:x:99:
users:x:100:
utmp:x:22:
utempter:x:35:
distcache:x:94:
ais:x:39:
ldap:x:55:
audio:x:63:gdm
apache:x:48:
postdrop:x:90:
postfix:x:89:
mailnull:x:47:
smmsp:x:51:
nscd:x:28:
floppy:x:19:
vcsa:x:69:
oprofile:x:16:
exim:x:93:
pvm:x:24:
pcap:x:77:
mailman:x:41:
webalizer:x:67:
dovecot:x:97:
quaggavt:x:85:
quagga:x:92:
radvd:x:75:
privoxy:x:73:
squid:x:23:
screen:x:84:
uuidd:x:101:
slocate:x:21:
postgres:x:26:
mysql:x:27:
rpc:x:32:
sshd:x:74:
pkcs11:x:102:root
ecryptfs:x:103:
saslauth:x:76:cyrus
ntp:x:38:
ident:x:98:
radiusd:x:95:
tomcat:x:91:
named:x:25:
dbus:x:81:
avahi:x:70:
rpcuser:x:29:
nfsnobody:x:4294967294:
stapdev:x:104:
stapusr:x:105:
pegasus:x:65:
fuse:x:106:
stap-server:x:107:
xfs:x:43:
haldaemon:x:68:
fax:x:78:
avahi-autoipd:x:108:
sabayon:x:86:
gdm:x:42:
admin:*:1000:daviesp,cericg
sge:*:1002:sge
svnadmin:*:1003:
sshusers:*:1004:cericg,daviesp,trautmane,rivase,eddys,kolbed,jonest,jungs,nawrockie,delvalc,kerrr,cheny,summersm,sawayam,goldschmidtl,davisf,reiserm,flickingerd,johnsonst,tervod,zhaot,borghuisb,jenetta,ohayons,bukowinskip,finnr,castellanos,dolafit,farrarm,xun,yeboahp,vitaladevunis,ghoshp,wheelert,karlssonm,linesr,diademch
application:*:1005:
independent:*:1007:
temporary:*:1008:
ehs:*:93071:
jboss:*:1018:
software:*:1019:cericg,daviesp,trautmane,jboss
eddy:*:93203:rivase,dennisp,davisi,linuxtest,bukowinskip,yatesc
myers:*:93201:pengh,ahammadp,hartensteina,hartensteinv,navlakhas,lium
betzig:*:93202:hoffmannd,shtengelg,pengh,longf,vaziria,satot
svoboda:*:93204:liuj,hooksm,xun,kuhlmans,daviesh,trautmane,vasylyevd,svirskasr,midgleyf
rubin:*:93205:svirskasr,trautmane,umayaml,jboss,brainaligner,cavallaroa,halld
sternson:*:93206:kurimskyl,daviesh
magee:*:93207:
chklovskii:*:93208:olbrisd,takemuras,albam,pereanuw,takemurasa,schefferl,bhariokea,bolstadm,blazekk,cardonaa,shapirov,winstonp,famogunj,saundersm,simonj,rivlinp,niemeyerm,kimmelb,ogundeyio,changl,jboss,lauchies,hornej,katzw,depolaviejag,laughlins,svirskasr,sigmundc,enosa,plazas
looger:*:93209:verdeciam,liuk
simpson:*:93210:mooreheads,pengh,brainaligner,svirskasr,trautmane,jboss,zlaticm,straussr,hartensteina,hartensteinv,kladtn,fontenotm
karpova:*:93211:mooreheads,kurimskyl,xuw,moldovank,mainenz,tervod,trautmane
kerr:*:93304:trautmane,hoffmannd
rinberg:*:93306:wessond,liuj,ahammadp,goelu
shank:*:93402:shroffh
clayton:*:93403:
jayaraman:*:93305:gomezmarina
adminfinance:*:93021:
hess:*:93297:shtengelg,brownt,hut
reiser:*:93303:mooreheads,dieudonnea,ofstadt,galliom,hendersonl
data0:*:1021:cericg,jonest,eddys,jungs,wheelert,nawrockie
palmcolb:*:1022:hessh,marchmanh,coventrya,nawrockie,castellanos,jonest,eddys,jungs,kolbed,rivase,myersg,pengh,betzige,hoffmannd,jin,kerrr,mckinneys
molbio:*:93092:simpsonj,georger,cavallaroa,murphyc,bukowinskip,tervog,hampels
imaging:*:93095:trautmane,pengh,kerrxfer,kerrr,swierczekn,hoffmannd,jenetta,ngot,shieldsb,imageviewer,rahj,hooksm,liy,linuxtest,paezg,kladtn,kusefoglud
flyrobot:*:1023:lavertyt,cavallaroa,hibbardk,halld
assctdirscitrain:*:93180:
campussrvadm:*:93055:
cellculture:*:93094:
coo:*:93010:
confsupphous:*:93061:
purchasing:*:93022:
techtransfer:*:93023:
humanres:*:93024:
labcoord:*:93025:
director:*:93001:
flyfacility:*:93091:
histanatom:*:93096:
it:*:93045:linesr
instrdesapp:*:93097:hoy,reiserm,ahmedn,tabachnikt
vivarium:*:93090:
physicalplant:*:93035:
scicomp:*:93098:linesr
elmicro:*:93093:albam,takemuras,takemurasa,barkerl,blazekk,katzw,fetterr,hartensteinv,schefferl
dirsciserv:*:93070:
library:*:93030:
stockroom:*:93073:
glasswash:*:93075:
matlab:*:1009:
pfam:*:1010:
datamagic:*:1011:trautmane,daviesp
tjian:*:93218:arnolda,dalessiot,riod,revyakina,colemanr,cissei
zuker_perrimon:*:93404:
tomcat:*:1024:
brenner:*:93401:
summers:*:76100:
daycare:*:93026:
pub:*:93057:
diningroom:*:93056:
flycolb:*:1026:albins,bilenj,cavallaroa,chiappee,chungp,dickinsonm,halld,hibbardk,jayaramanv,jenetta,lavertyt,mckellarc,mooreheads,ngot,pfeifferb,reiserm,rubing,seedsa,seeligj,simmonsr,simpsonj,texadam
anderson:*:93408:
dickinson:*:93407:
rivas:*:93301:rivase
intranet:*:1028:olbrisd,kruegerk
monellxfer:*:1029:
sudhof:*:93409:
eisenberg:*:16911:
gradprog:*:93181:
calladmin:*:1032:
labtrack:*:1033:dolafit,pfeifferb,rubing,murphyc
visscien:*:93400:shustermanr
mgmt:*:1030:
wachowiak:*:93412:
facilities:*:93035:
dudman:*:93307:kurimskyl,trautmane,liyi
transgenics:*:93101:
truman:*:93212:trautmane,pengh,brainaligner,zlaticm,jboss,svirskasr,riddifordl,umayaml,shepherdd,williamsd,etheredgej,shirangit10,dauberte
seqadmin:*:1036:hartzellg,mcgowanke,gallaghert,zhangxiaoro,ramirezm,umayaml
shepherd:*:93410:
leonardo:*:93213:kanwalj
ftpserver:*:1034:lottg,cericg,betzige,shroffh,lebrunc,bukowinskip,chklovskiid,pereanuw,hessh,rinbergd,leonardoa,jenetta,fetterr,altmanj,tervog,shustermanr,oconnorr,loogerl,shtengelg,akerboomj,liuj,yeboahp,arnolda,ahmedn,iyerv,nawrockie,zhaot,egnorr,svobodak,gustafssonm,ahammadp,vitaladevunis,wernerc,finnr,svirskasr
riddiford:*:93302:trumanj,bilenj,lennoxs,blakeg,bransonk
meinertzhagen:*:93413:
egnor:*:93308:kurimskyl,rivase,smearm,haenzis,daviesh
peng:*:93309:svirskasr,yuy
sciedall:*:5288:
bozza:*:93414:
lee:*:93214:
lavis:*:93310:kurimskyl,tkachuka,brownt,tianl,loogerl
svobodavideo:*:1044:oconnord,huberd,svobodak
vmbackup:*:1045:
leetlab:*:93217:trautmane,brainaligner
gustafsson:*:93216:olbrisd,betzige
baker:*:93215:svirskasr,trautmane
linuxadmins:*:1047:yeboahp,cericg,bukowinskip
wdbp:*:1048:oconnord,svobodak,huberd,pammerl,xun,petreanul,satot,clackn,trautmane,perons
leetconfocal:*:1049:leetz,pengh,yuh,svirskasr,trautmane,jboss,yangj,brainaligner
murphy:*:93311:
apig:*:93298:shtengelg
phmmer:*:1050:
flylight:*:93416:pereanuw,trautmane,pengh,brainaligner,zlaticm,jboss,riddifordl,umayaml,lennoxs,altmanj,texadam,harrisr,mellertd,lif,trumanj,qul,fetterd,shepherdd,myersg,svirskasr,cericg,shirangit
flyem:*:93417:meinertzhageni,luz,albam,shapirov,lauchies,hornej,katzw,depolaviejag,rivlinp,schefferl,bolstadm,chklovskiid,olbrisd,vitaladevunis,takemuras,ogundeyio,saundersm,takemurasa,sigmundc,enosa,fetterr,plazas
flyolympiad:*:93418:reiserm,lottg,ahmedn,bassins,cabanissd,duttaa,evichd,flickingerd,groverd,hoy,hoffmannd,oconnorr,osbornej,tabachnikt,wernerc,albins,chungp,hampels,hartensteinv,mckellarc,mooreheads,moual,pengh,seedsa,simpsonj,straussr,swierczekn,trautmane,youngj,hartensteina,zlaticm,zugatesc,hoopfere,oyamat,olympiad,katzw,svirskasr,ahammadp,cardg,martinezc,robertss,bransonk,midgleyf,umayaml,jboss
arraytmgrphy:*:1051:rahj,svobodak,harrist,colonellj,myersg,zhaot,chklovskiid,vitaladevunis,fetterr,brantnerc,schefferl,karshb
flyprojects:*:1052:
doe:*:1053:
zuker:*:93420:zukerc,tranknerd,chandrashekarj,ofstadt,hendersonl
vtune:*:1054:farrarm,cericg,eddys
zlatic:*:93313:trautmane,bukowinskip,olbrisd,groverd,svirskasr,floriak,cardonaa,bransons,hibbardk,mercerm
intel:*:1055:
nagios:*:16912:apache
flylightem:*:1056:zugatesc,rubing,ahammadp,albam,albins,altmanj,bhariokea,bilenj,bolstadm,butlerv,cardonaa,changl,chklovskiid,chungp,clackn,doec,genkina,greensideh,hampels,harrisr,hoy,hut,huangy,jaenschs,jenetta,jucikast,leetz,lennoxs,lif,lins,longf,luz,mckellarc,mellertd,murphyc,myersg,nerna,ngot,niemeyerm,nuneziglesiasj,ogundeyio,olbrisd,pengh,pereanuw,pfeifferb,qul,riddifordl,rivlinp,ruanz,saundersm,schefferl,seedsa,shapirov,simpsonj,sofroniewn,straussr,swierczekn,takemuras,takemurasa,texada,trautmane,trumanj,umayaml,vitaladevunis,winstonp,xiej,yamromb,yangj,yeminie,youngj,yuh,yuy,zhaot,zlaticm,kimmelb,lauchies,hornej,druckmanns,laughlins,svirskasr,enosa,shirangit
leetimg:*:1057:leetz,pengh,yuh,trautmane,jboss,yangj,brainaligner
scheffer:*:93315:
pastalkova:*:93317:
card:*:93316:
program_management:*:1058:kimmel,jefferiesm,rivlinp,wardillt
pol2:*:1059:zhangzh,revyakina,colemanr
branson:*:93319:
geci:*:1060:jayaramanv,kimmelb,loogerl,wardillt,tianl,svobodak,akerboomj,ramirezm
rubinguest:*:1061:svirskasr,jboss,brainaligner,trautmane,zlaticm,halld,cavaralloa,yuy,umayaml,ahammadp,dionneh,murphyc,ngot,pfeifferb,rubing,wolfft,zugatesc,jenetta,longf,vaughana,gaulu,lins,kladtn
gotsudo:*:1111:akerboomj,bolstadm,chklovskiid,daviesp,davisf,dolafit,druckmanns,dudmanj,eddys,farrarm,greensideh,hessh,huj,hut,jayaramanv,jonest,jungs,katzw,kolbed,liujin,luz,midgleyf,nawrockie,nohh,nuneziglesiasj,olbrisd,pengh,qul,rahj,rivase,rivlinp,schefferl,shtengelg,simonj,svirskasr,takemuras,takemurasa,tangj,trautmane,umayaml,vitaladevunis,wheelert,winstonp,yangj,zlaticm,bransonk,pastalkovae,cericg,bukowinskip,enosa,plazas,floriak,cardonaa,kusefoglud
flyemdev:*:1064:albam,bolstadm,chklovskiid,katzw,olbrisd,rivlinp,schefferl,takemuras,vitaladevunis,winstonp,plazas
flyemproof:*:1063:albam,changl,lauchies,ogundeyio,rivlinp,saundersm,shapirov,takemuras,takemurasa,enosa,sigmundc
keller:*:93318:
isilon:*:1062:
scicompvm:*:1001:bolstadm,daviesp,dolafit,gormans,iyerv,liuj,midgleyf,olbrisd,trautmane,umayaml
bock:*:93320:
kerrpub:*:1065:kerrr,amirw,swierczekn,gilesa
undergradP:*:93184:
tomo:*:1066:colonellj,karshb
royer:*:1067:royers
walkingfly:*:1068:reiserm,chiappee,seeligj,jayaramanv,tuthillj,hustons,ofstadt
eced:*:1069:ahammadp,andrasfalvyb,azdadk,barbicm,bozzat,chamberlaink,chiappee,cohenj,colonellj,custardv,daviesh,davisf,dudmanj,faustr,goelu,harnettm,harrist,henryg,hustons,jayaramanv,karlssonm,karpovaa,karshb,kimj,kurimskyl,leeal,leed,liy,liens,liuj,macklinj,mageej,makaraj,milsteina,mohnse,mooreheads,muetzej,oconnorr,oeln,panw,pangs,regoh,resulaja,rinbergd,royers,scherera,seeligj,shustermanr,smearm,stephensj,svobodak,tervod,tranknerd,trautmane,vollmera,wardillt,xuc,xun,zemelmanb,zukerc
hantman:*:93321:
cui:*:93322:
