72720164,08oct18a
32815806,08may02a
32015028,08sep11a
2755185,09jan11b
66376703,08sep30b
91398941,08sep10a
29829219,08oct19a
94512174,08oct08a
88403013,08oct04a
75950463,08oct16a
110312138,08sep13a
8378062,08aug18b
32910856,08apr28b
7175977,08may20c
1781725,09jan13a
32833946,08may19a
75716187,08oct10a
113190975,08oct11a
9209385,09jan14b
32312787,08aug08a
769104,08jun23b
72603002,08oct24a
107081742,08oct27a
78946391,08oct03a
3267920,08jul11a
85172618,08oct09a
75716187,08oct26a
75681453,08sep23a
100738473,08sep09a
27264565,08jul07c
40006355,08jul31a
7428023,09mar23a
32015028,08sep30a
18931313,09jan10a
85289876,08oct20a
33817398,08apr27
7427843,08jun25a
75833325,08oct12a
38390717,08aug11a
189403043,08apr22a
100855563,08sep08a
243599198,08aug25a
384697,08aug07a
26004103,08aug01a
39783450,08may28a
420762,08jun20a
11990196,09jan09a
94512102,08oct14a
32780592,08may16a
3962152,08jul25a
155321,08jun03a
7770433,08jun27a
31774249,08aug14a
94473669,08sep06a
86151991,09jan14a
37005905,08jul28a
103851443,08sep12a
107158676,08sep04a
32756964,08apr29a
40549591,08sep11b
91555636,08may23a
42545225,08jul22a
101161777,08sep05d
195927,08jun23a
32015028,08oct02a
34697837,08jul29a
5560720,08may22a
32892740,08may01a
26421167,08aug18c
49007753,08jul21a
32837511,08may09a
42776075,08jul23a
42852985,08jul24a
7868383,08jun24a
384987,08dec10d
97859516,08sep19a
72603050,08sep26a
7976650,08dec15a
126971065,08aug20a
884768,08aug06b
23311413,08jul09a
31081771,08jul10a
4084797,09apr17a
206382365,08aug30a
181571303,08aug22a
7808924,08jul08a
85172690,08sep22a
32857502,08may27a
138208264,08aug28a
75833301,08oct06a
153158,08apr16a-simulation
460270,08apr01a
13360047,09jan13b
14617703,08jul25b
37602144,08aug12b
82411062,08sep20a
40237133,08jul18a
88285851,08oct17a
110194952,08oct21a
13348292,08jul11b
32830480,08jun02a
66758215,08sep03a
88285851,08oct15a
29702719,08may13a
1160662,08dec10e
39754633,08apr20a
36275008,08jul17b
100855467,08sep25a
3680202,08dec29a
200179515,08sep02a
78946391,08oct05a
100738425,08oct22a
32796216,08may05a
38617842,08jul30a
137920674,08aug21a
5810755,08jun17b
22392483,08jun20b
1538707,08jul07a
63263517,08oct23a
1903375,09jan11a
40126454,08oct29a
972068,08apr04a
187544772,08aug27a
32974489,08may29a
43756984,08aug13a
32756964,08may20d
88285899,08sep07a
38437,09apr16f
778451,08apr01b
85055576,08sep18a
467335,08jun17a
103851443,08oct13a
32892764,08may07a
235107,08apr28a
103851491,08oct25a
115428,08dec10c
193075,08jun04c
32759431,08may14a
206382341,08aug31a
106964628,08sep17a
85172690,08sep14a
97625216,08sep29a
17175783,08jul03a
32914381,08may08a
3296805,08jul07b
4662238,09mar20a
176056437,08aug23a
193745936,08aug29a
446100315,08apr15a
1610099,09jan03a
32756988,08may21b
175061587,08aug24a
32798547,08may15a
32876342,08may12a
85172762,08sep28a
82059552,08sep27a
82176786,08sep24a
33838722,08may22c
19118414,08jul16a
54543419,08sep15a
88182,08dec31a
218480468,08aug26a
97508054,08sep16a
